<?xml version="1.0" encoding="UTF-8"?>
<!-- Generated by org.testng.reporters.JUnitReportReporter -->
<testsuite hostname="DESKTOP-FKNOICC" failures="0" tests="1" name="execution.registrationExecution" time="12.541" errors="0" timestamp="2024-04-22T22:55:09 EET" skipped="0">
  <testcase classname="execution.registrationExecution" name="validRegistration" time="12.541"/>
  <system-out/>
</testsuite> <!-- execution.registrationExecution -->
