<?xml version="1.0" encoding="UTF-8"?>
<!-- Generated by org.testng.reporters.JUnitReportReporter -->
<testsuite hostname="DESKTOP-FKNOICC" failures="0" tests="4" name="execution.loginexecution" time="32.403" errors="0" timestamp="2024-04-22T23:29:17 EET" skipped="0">
  <testcase classname="execution.loginexecution" name="validLogin" time="8.145"/>
  <system-out/>
  <testcase classname="execution.loginexecution" name="invalidLogin" time="7.509"/>
  <system-out/>
  <testcase classname="execution.loginexecution" name="invalidLogin2" time="9.725"/>
  <system-out/>
  <testcase classname="execution.loginexecution" name="invalidLogin3" time="7.024"/>
  <system-out/>
</testsuite> <!-- execution.loginexecution -->
